 
****************************************
Report : area
Design : BOOTHMUL
Version: S-2021.06-SP4
Date   : Thu Jun 15 13:08:22 2023
****************************************

Library(s) Used:

    NangateOpenCellLibrary (File: /home/mariagrazia.graziano/do/libnangate/NangateOpenCellLibrary_typical_ecsm.db)

Number of ports:                        22832
Number of nets:                         30200
Number of cells:                         8836
Number of combinational cells:           7571
Number of sequential cells:                 0
Number of macros/black boxes:               0
Number of buf/inv:                       1251
Number of references:                     176

Combinational area:               9983.246009
Buf/Inv area:                      731.234008
Noncombinational area:               0.000000
Macro/Black Box area:                0.000000
Net Interconnect area:      undefined  (Wire load has zero net area)

Total cell area:                  9983.246009
Total area:                 undefined
1
