 
****************************************
Report : area
Design : p4_adder
Version: S-2021.06-SP4
Date   : Mon Apr 17 19:57:43 2023
****************************************

Library(s) Used:

    NangateOpenCellLibrary (File: /home/mariagrazia.graziano/do/libnangate/NangateOpenCellLibrary_typical_ecsm.db)

Number of ports:                          715
Number of nets:                          1105
Number of cells:                          480
Number of combinational cells:            433
Number of sequential cells:                 0
Number of macros/black boxes:               0
Number of buf/inv:                         89
Number of references:                       6

Combinational area:                503.803997
Buf/Inv area:                       52.934000
Noncombinational area:               0.000000
Macro/Black Box area:                0.000000
Net Interconnect area:      undefined  (Wire load has zero net area)

Total cell area:                   503.803997
Total area:                 undefined
1
