Information: Updating design information... (UID-85)
 
****************************************
Report : timing
        -path full
        -delay max
        -max_paths 1
Design : p4_adder
Version: S-2021.06-SP4
Date   : Mon Apr 17 19:57:43 2023
****************************************

Operating Conditions: typical   Library: NangateOpenCellLibrary
Wire Load Model Mode: top

  Startpoint: Cin (input port)
  Endpoint: S[26] (output port)
  Path Group: default
  Path Type: max

  Des/Clust/Port     Wire Load Model       Library
  ------------------------------------------------
  p4_adder           5K_hvratio_1_1        NangateOpenCellLibrary

  Point                                                   Incr       Path
  --------------------------------------------------------------------------
  input external delay                                    0.00       0.00 f
  Cin (in)                                                0.00       0.00 f
  U35/Z (XOR2_X1)                                         0.09       0.09 f
  carrygen/B[7] (sparseTree_NBIT32_NBIT_PER_BLOCK4)       0.00       0.09 f
  carrygen/m_pgNetwork/b[7] (PGNetwork)                   0.00       0.09 f
  carrygen/m_pgNetwork/U35/Z (XOR2_X1)                    0.08       0.17 f
  carrygen/m_pgNetwork/p[7] (PGNetwork)                   0.00       0.17 f
  carrygen/m_blockPG_1_7/P_ik (Pg_25)                     0.00       0.17 f
  carrygen/m_blockPG_1_7/U2/ZN (AOI21_X1)                 0.04       0.21 r
  carrygen/m_blockPG_1_7/U1/ZN (INV_X1)                   0.02       0.24 f
  carrygen/m_blockPG_1_7/G_ij (Pg_25)                     0.00       0.24 f
  carrygen/m_blockPG_2_7/G_ik (Pg_12)                     0.00       0.24 f
  carrygen/m_blockPG_2_7/U3/ZN (AOI21_X1)                 0.05       0.29 r
  carrygen/m_blockPG_2_7/U2/ZN (INV_X1)                   0.02       0.31 f
  carrygen/m_blockPG_2_7/G_ij (Pg_12)                     0.00       0.31 f
  carrygen/m1_blockG_3_7/G_ik (G_7)                       0.00       0.31 f
  carrygen/m1_blockG_3_7/U2/ZN (AOI21_X1)                 0.05       0.36 r
  carrygen/m1_blockG_3_7/U1/ZN (INV_X1)                   0.03       0.39 f
  carrygen/m1_blockG_3_7/G_ij (G_7)                       0.00       0.39 f
  carrygen/m1_blockG_4_15/Gk_1j (G_5)                     0.00       0.39 f
  carrygen/m1_blockG_4_15/U2/ZN (AOI21_X1)                0.04       0.43 r
  carrygen/m1_blockG_4_15/U1/ZN (INV_X1)                  0.03       0.46 f
  carrygen/m1_blockG_4_15/G_ij (G_5)                      0.00       0.46 f
  carrygen/m1_blockG_5_23/Gk_1j (G_3)                     0.00       0.46 f
  carrygen/m1_blockG_5_23/U2/ZN (AOI21_X1)                0.04       0.51 r
  carrygen/m1_blockG_5_23/U1/ZN (INV_X1)                  0.03       0.54 f
  carrygen/m1_blockG_5_23/G_ij (G_3)                      0.00       0.54 f
  carrygen/cout[6] (sparseTree_NBIT32_NBIT_PER_BLOCK4)
                                                          0.00       0.54 f
  carrysel/Ci[6] (sum_generator_NBIT_PER_BLOCK4_NBLOCKS8)
                                                          0.00       0.54 f
  carrysel/CA1_6/Ci (Carryselect_NBIT4_2)                 0.00       0.54 f
  carrysel/CA1_6/U2/Z (BUF_X1)                            0.04       0.58 f
  carrysel/CA1_6/U21/ZN (OAI22_X1)                        0.03       0.62 r
  carrysel/CA1_6/S[2] (Carryselect_NBIT4_2)               0.00       0.62 r
  carrysel/S[26] (sum_generator_NBIT_PER_BLOCK4_NBLOCKS8)
                                                          0.00       0.62 r
  S[26] (out)                                             0.00       0.62 r
  data arrival time                                                  0.62

  max_delay                                               0.62       0.62
  output external delay                                   0.00       0.62
  data required time                                                 0.62
  --------------------------------------------------------------------------
  data required time                                                 0.62
  data arrival time                                                 -0.62
  --------------------------------------------------------------------------
  slack (MET)                                                        0.00


1
