 
****************************************
Report : area
Design : p4_adder
Version: S-2021.06-SP4
Date   : Mon Apr 17 19:57:34 2023
****************************************

Library(s) Used:

    NangateOpenCellLibrary (File: /home/mariagrazia.graziano/do/libnangate/NangateOpenCellLibrary_typical_ecsm.db)

Number of ports:                          715
Number of nets:                          1075
Number of cells:                          450
Number of combinational cells:            403
Number of sequential cells:                 0
Number of macros/black boxes:               0
Number of buf/inv:                         60
Number of references:                       3

Combinational area:                503.271996
Buf/Inv area:                       31.920000
Noncombinational area:               0.000000
Macro/Black Box area:                0.000000
Net Interconnect area:      undefined  (Wire load has zero net area)

Total cell area:                   503.271996
Total area:                 undefined
1
