 
****************************************
Report : power
        -net
        -analysis_effort low
        -sort_mode net_switching_power
Design : SIPISOALU
Version: S-2021.06-SP4
Date   : Thu May  4 14:58:00 2023
****************************************


Library(s) Used:

    NangateOpenCellLibrary (File: /home/mariagrazia.graziano/do/libnangate/NangateOpenCellLibrary_typical_ecsm.db)


Operating Conditions: typical   Library: NangateOpenCellLibrary
Wire Load Model Mode: top

Design        Wire Load Model            Library
------------------------------------------------
SIPISOALU              5K_hvratio_1_1    NangateOpenCellLibrary


Global Operating Voltage = 1.1  
Power-specific unit information :
    Voltage Units = 1V
    Capacitance Units = 1.000000ff
    Time Units = 1ns
    Dynamic Power Units = 1uW    (derived from V,C,T units)
    Leakage Power Units = 1nW



  Attributes
  ----------
      a  -  Switching activity information annotated on net
      d  -  Default switching activity information on net

                             Total      Static   Toggle   Switching
Net                          Net Load   Prob.    Rate     Power      Attrs
--------------------------------------------------------------------------------
n86                           24.359    0.500    0.1000      1.4737  d
LDB                           22.654    0.112    0.0611      0.8378  d
EA                             8.238    0.149    0.0647      0.3225  d
n87                            4.079    0.500    0.1000      0.2468  d
n92                           10.159    0.912    0.0400      0.2459  
n78                            6.017    0.851    0.0647      0.2355  d
n80                            9.055    0.889    0.0351      0.1923  d
n99                            6.040    0.092    0.0484      0.1767  
n110                           8.958    0.923    0.0199      0.1080  
n104                           2.883    0.825    0.0547      0.0953  
n112                           6.668    0.923    0.0208      0.0838  
n103                           1.904    0.829    0.0630      0.0726  
n81                            6.640    0.959    0.0174      0.0700  
n48                            1.438    0.174    0.0742      0.0645  
n107                           4.772    0.923    0.0198      0.0572  
n96                            6.688    0.970    0.0141      0.0569  
n77                            8.069    0.994    0.0110      0.0538  d
n90                            1.980    0.942    0.0424      0.0508  
n89                            1.980    0.943    0.0417      0.0500  
n88                            1.980    0.940    0.0413      0.0495  
n91                            1.980    0.943    0.0401      0.0480  
n114                           4.012    0.923    0.0196      0.0475  
n101                           4.076    0.041    0.0174      0.0430  
n95                            2.883    0.084    0.0240      0.0419  
n76                            1.957    0.111    0.0351      0.0415  d
n100                           2.721    0.084    0.0251      0.0412  
LDC                            5.940    0.006    0.0110      0.0396  d
n98                            1.904    0.913    0.0324      0.0373  
n109                           8.875    0.978    0.0069      0.0369  
n42                            1.438    0.114    0.0410      0.0357  
n43                            1.438    0.113    0.0409      0.0356  
n44                            1.438    0.116    0.0400      0.0348  
n93                            1.975    0.913    0.0288      0.0345  
n41                            1.438    0.113    0.0386      0.0336  
SHIFTC                         1.252    0.915    0.0380      0.0288  d
n115                           1.865    0.077    0.0191      0.0216  
n106                           4.596    0.982    0.0057      0.0159  
n97                            2.010    0.034    0.0128      0.0156  
n79                            1.936    0.966    0.0128      0.0150  
n102                           1.936    0.028    0.0128      0.0150  
n94                            2.542    0.021    0.0091      0.0139  
n26                            1.879    0.973    0.0107      0.0122  d
n46                            1.438    0.032    0.0128      0.0112  
n37                            1.438    0.006    0.0078      0.0068  
n45                            1.438    0.020    0.0070      0.0061  
n105                           1.940    0.998    0.0047      0.0055  
n85                            3.875    0.998    0.0018      0.0041  
n84                            3.890    0.998    0.0015      0.0034  
n38                            1.438    0.003    0.0032      0.0028  
n83                            3.901    0.999    0.0012      0.0027  
C                              0.310    0.027    0.0107      0.0020  d
n39                            1.438    0.001    0.0020      0.0017  
n40                            1.438    0.001    0.0012      0.0011  
--------------------------------------------------------------------------------
Total (53 nets)                                              5.2803 uW
1
