 
****************************************
Report : area
Design : BOOTHMUL_1
Version: S-2021.06-SP4
Date   : Wed Apr 19 01:22:18 2023
****************************************

Library(s) Used:

    NangateOpenCellLibrary (File: /home/mariagrazia.graziano/do/libnangate/NangateOpenCellLibrary_typical_ecsm.db)

Number of ports:                        22832
Number of nets:                         30198
Number of cells:                         8834
Number of combinational cells:           7569
Number of sequential cells:                 0
Number of macros/black boxes:               0
Number of buf/inv:                       1249
Number of references:                     176

Combinational area:               9981.384009
Buf/Inv area:                      729.372008
Noncombinational area:               0.000000
Macro/Black Box area:                0.000000
Net Interconnect area:      undefined  (Wire load has zero net area)

Total cell area:                  9981.384009
Total area:                 undefined
1
