Information: Updating design information... (UID-85)
Warning: Design 'BOOTHMUL_1' contains 1 high-fanout nets. A fanout number of 1000 will be used for delay calculations involving these nets. (TIM-134)
 
****************************************
Report : timing
        -path full
        -delay max
        -max_paths 1
Design : BOOTHMUL_1
Version: S-2021.06-SP4
Date   : Wed Apr 19 01:22:18 2023
****************************************

 # A fanout number of 1000 was used for high fanout net computations.

Operating Conditions: typical   Library: NangateOpenCellLibrary
Wire Load Model Mode: top

  Startpoint: A[0] (input port)
  Endpoint: P[63] (output port)
  Path Group: (none)
  Path Type: max

  Des/Clust/Port     Wire Load Model       Library
  ------------------------------------------------
  BOOTHMUL_1         5K_hvratio_1_1        NangateOpenCellLibrary

  Point                                                   Incr       Path
  --------------------------------------------------------------------------
  input external delay                                    0.00       0.00 r
  A[0] (in)                                               0.00       0.00 r
  inverterI_0/A (IV_64)                                   0.00       0.00 r
  inverterI_0/U1/ZN (INV_X1)                              0.04       0.04 f
  inverterI_0/Y (IV_64)                                   0.00       0.04 f
  FinilizingNegativeSignal/A[0] (RCA_NbitRca64_16)        0.00       0.04 f
  FinilizingNegativeSignal/FAI_1/A (FA_1024)              0.00       0.04 f
  FinilizingNegativeSignal/FAI_1/U5/Z (XOR2_X1)           0.07       0.12 f
  FinilizingNegativeSignal/FAI_1/U4/ZN (AOI22_X1)         0.05       0.17 r
  FinilizingNegativeSignal/FAI_1/U3/ZN (INV_X1)           0.03       0.20 f
  FinilizingNegativeSignal/FAI_1/Co (FA_1024)             0.00       0.20 f
  FinilizingNegativeSignal/FAI_2/Ci (FA_2047)             0.00       0.20 f
  FinilizingNegativeSignal/FAI_2/U4/ZN (AOI22_X1)         0.05       0.25 r
  FinilizingNegativeSignal/FAI_2/U3/ZN (INV_X1)           0.03       0.28 f
  FinilizingNegativeSignal/FAI_2/Co (FA_2047)             0.00       0.28 f
  FinilizingNegativeSignal/FAI_3/Ci (FA_2046)             0.00       0.28 f
  FinilizingNegativeSignal/FAI_3/U4/ZN (AOI22_X1)         0.06       0.33 r
  FinilizingNegativeSignal/FAI_3/U3/ZN (INV_X1)           0.03       0.36 f
  FinilizingNegativeSignal/FAI_3/Co (FA_2046)             0.00       0.36 f
  FinilizingNegativeSignal/FAI_4/Ci (FA_2045)             0.00       0.36 f
  FinilizingNegativeSignal/FAI_4/U1/ZN (XNOR2_X1)         0.05       0.41 r
  FinilizingNegativeSignal/FAI_4/U2/ZN (INV_X2)           0.08       0.50 f
  FinilizingNegativeSignal/FAI_4/S (FA_2045)              0.00       0.50 f
  FinilizingNegativeSignal/S[3] (RCA_NbitRca64_16)        0.00       0.50 f
  MUX0_0/A_neg[3] (MUX51_MuxNbit64_16)                    0.00       0.50 f
  MUX0_0/U102/ZN (AOI22_X1)                               0.09       0.58 r
  MUX0_0/U100/ZN (NAND2_X1)                               0.04       0.62 f
  MUX0_0/Y[3] (MUX51_MuxNbit64_16)                        0.00       0.62 f
  SUM0/A[3] (RCA_NbitRca64_31)                            0.00       0.62 f
  SUM0/FAI_4/A (FA_1981)                                  0.00       0.62 f
  SUM0/FAI_4/U4/Z (XOR2_X1)                               0.08       0.69 f
  SUM0/FAI_4/U3/ZN (AOI22_X1)                             0.06       0.75 r
  SUM0/FAI_4/U2/ZN (INV_X1)                               0.03       0.78 f
  SUM0/FAI_4/Co (FA_1981)                                 0.00       0.78 f
  SUM0/FAI_5/Ci (FA_1980)                                 0.00       0.78 f
  SUM0/FAI_5/U3/ZN (AOI22_X1)                             0.06       0.84 r
  SUM0/FAI_5/U2/ZN (INV_X1)                               0.03       0.87 f
  SUM0/FAI_5/Co (FA_1980)                                 0.00       0.87 f
  SUM0/FAI_6/Ci (FA_1979)                                 0.00       0.87 f
  SUM0/FAI_6/U3/ZN (AOI22_X1)                             0.06       0.93 r
  SUM0/FAI_6/U2/ZN (INV_X1)                               0.03       0.96 f
  SUM0/FAI_6/Co (FA_1979)                                 0.00       0.96 f
  SUM0/FAI_7/Ci (FA_1978)                                 0.00       0.96 f
  SUM0/FAI_7/U3/ZN (AOI22_X1)                             0.06       1.02 r
  SUM0/FAI_7/U2/ZN (INV_X1)                               0.03       1.05 f
  SUM0/FAI_7/Co (FA_1978)                                 0.00       1.05 f
  SUM0/FAI_8/Ci (FA_1977)                                 0.00       1.05 f
  SUM0/FAI_8/U3/ZN (AOI22_X1)                             0.06       1.11 r
  SUM0/FAI_8/U2/ZN (INV_X1)                               0.03       1.14 f
  SUM0/FAI_8/Co (FA_1977)                                 0.00       1.14 f
  SUM0/FAI_9/Ci (FA_1976)                                 0.00       1.14 f
  SUM0/FAI_9/U3/ZN (AOI22_X1)                             0.06       1.20 r
  SUM0/FAI_9/U2/ZN (INV_X1)                               0.03       1.22 f
  SUM0/FAI_9/Co (FA_1976)                                 0.00       1.22 f
  SUM0/FAI_10/Ci (FA_1975)                                0.00       1.22 f
  SUM0/FAI_10/U3/ZN (AOI22_X1)                            0.06       1.29 r
  SUM0/FAI_10/U2/ZN (INV_X1)                              0.03       1.31 f
  SUM0/FAI_10/Co (FA_1975)                                0.00       1.31 f
  SUM0/FAI_11/Ci (FA_1974)                                0.00       1.31 f
  SUM0/FAI_11/U3/ZN (AOI22_X1)                            0.06       1.37 r
  SUM0/FAI_11/U2/ZN (INV_X1)                              0.03       1.40 f
  SUM0/FAI_11/Co (FA_1974)                                0.00       1.40 f
  SUM0/FAI_12/Ci (FA_1973)                                0.00       1.40 f
  SUM0/FAI_12/U3/ZN (AOI22_X1)                            0.06       1.46 r
  SUM0/FAI_12/U2/ZN (INV_X1)                              0.03       1.49 f
  SUM0/FAI_12/Co (FA_1973)                                0.00       1.49 f
  SUM0/FAI_13/Ci (FA_1972)                                0.00       1.49 f
  SUM0/FAI_13/U3/ZN (AOI22_X1)                            0.06       1.55 r
  SUM0/FAI_13/U2/ZN (INV_X1)                              0.03       1.58 f
  SUM0/FAI_13/Co (FA_1972)                                0.00       1.58 f
  SUM0/FAI_14/Ci (FA_1971)                                0.00       1.58 f
  SUM0/FAI_14/U3/ZN (AOI22_X1)                            0.06       1.64 r
  SUM0/FAI_14/U2/ZN (INV_X1)                              0.03       1.67 f
  SUM0/FAI_14/Co (FA_1971)                                0.00       1.67 f
  SUM0/FAI_15/Ci (FA_1970)                                0.00       1.67 f
  SUM0/FAI_15/U3/ZN (AOI22_X1)                            0.06       1.73 r
  SUM0/FAI_15/U2/ZN (INV_X1)                              0.03       1.76 f
  SUM0/FAI_15/Co (FA_1970)                                0.00       1.76 f
  SUM0/FAI_16/Ci (FA_1969)                                0.00       1.76 f
  SUM0/FAI_16/U3/ZN (AOI22_X1)                            0.06       1.82 r
  SUM0/FAI_16/U2/ZN (INV_X1)                              0.03       1.85 f
  SUM0/FAI_16/Co (FA_1969)                                0.00       1.85 f
  SUM0/FAI_17/Ci (FA_1968)                                0.00       1.85 f
  SUM0/FAI_17/U3/ZN (AOI22_X1)                            0.06       1.91 r
  SUM0/FAI_17/U2/ZN (INV_X1)                              0.03       1.94 f
  SUM0/FAI_17/Co (FA_1968)                                0.00       1.94 f
  SUM0/FAI_18/Ci (FA_1967)                                0.00       1.94 f
  SUM0/FAI_18/U3/ZN (AOI22_X1)                            0.06       2.00 r
  SUM0/FAI_18/U2/ZN (INV_X1)                              0.03       2.02 f
  SUM0/FAI_18/Co (FA_1967)                                0.00       2.02 f
  SUM0/FAI_19/Ci (FA_1966)                                0.00       2.02 f
  SUM0/FAI_19/U3/ZN (AOI22_X1)                            0.06       2.09 r
  SUM0/FAI_19/U2/ZN (INV_X1)                              0.03       2.11 f
  SUM0/FAI_19/Co (FA_1966)                                0.00       2.11 f
  SUM0/FAI_20/Ci (FA_1965)                                0.00       2.11 f
  SUM0/FAI_20/U3/ZN (AOI22_X1)                            0.06       2.17 r
  SUM0/FAI_20/U2/ZN (INV_X1)                              0.03       2.20 f
  SUM0/FAI_20/Co (FA_1965)                                0.00       2.20 f
  SUM0/FAI_21/Ci (FA_1964)                                0.00       2.20 f
  SUM0/FAI_21/U3/ZN (AOI22_X1)                            0.06       2.26 r
  SUM0/FAI_21/U2/ZN (INV_X1)                              0.03       2.29 f
  SUM0/FAI_21/Co (FA_1964)                                0.00       2.29 f
  SUM0/FAI_22/Ci (FA_1963)                                0.00       2.29 f
  SUM0/FAI_22/U3/ZN (AOI22_X1)                            0.06       2.35 r
  SUM0/FAI_22/U2/ZN (INV_X1)                              0.03       2.38 f
  SUM0/FAI_22/Co (FA_1963)                                0.00       2.38 f
  SUM0/FAI_23/Ci (FA_1962)                                0.00       2.38 f
  SUM0/FAI_23/U3/ZN (AOI22_X1)                            0.06       2.44 r
  SUM0/FAI_23/U2/ZN (INV_X1)                              0.03       2.47 f
  SUM0/FAI_23/Co (FA_1962)                                0.00       2.47 f
  SUM0/FAI_24/Ci (FA_1961)                                0.00       2.47 f
  SUM0/FAI_24/U3/ZN (AOI22_X1)                            0.06       2.53 r
  SUM0/FAI_24/U2/ZN (INV_X1)                              0.03       2.56 f
  SUM0/FAI_24/Co (FA_1961)                                0.00       2.56 f
  SUM0/FAI_25/Ci (FA_1960)                                0.00       2.56 f
  SUM0/FAI_25/U3/ZN (AOI22_X1)                            0.06       2.62 r
  SUM0/FAI_25/U2/ZN (INV_X1)                              0.03       2.65 f
  SUM0/FAI_25/Co (FA_1960)                                0.00       2.65 f
  SUM0/FAI_26/Ci (FA_1959)                                0.00       2.65 f
  SUM0/FAI_26/U3/ZN (AOI22_X1)                            0.06       2.71 r
  SUM0/FAI_26/U2/ZN (INV_X1)                              0.03       2.74 f
  SUM0/FAI_26/Co (FA_1959)                                0.00       2.74 f
  SUM0/FAI_27/Ci (FA_1958)                                0.00       2.74 f
  SUM0/FAI_27/U3/ZN (AOI22_X1)                            0.06       2.80 r
  SUM0/FAI_27/U2/ZN (INV_X1)                              0.03       2.82 f
  SUM0/FAI_27/Co (FA_1958)                                0.00       2.82 f
  SUM0/FAI_28/Ci (FA_1957)                                0.00       2.82 f
  SUM0/FAI_28/U3/ZN (AOI22_X1)                            0.06       2.89 r
  SUM0/FAI_28/U2/ZN (INV_X1)                              0.03       2.91 f
  SUM0/FAI_28/Co (FA_1957)                                0.00       2.91 f
  SUM0/FAI_29/Ci (FA_1956)                                0.00       2.91 f
  SUM0/FAI_29/U3/ZN (AOI22_X1)                            0.06       2.97 r
  SUM0/FAI_29/U2/ZN (INV_X1)                              0.03       3.00 f
  SUM0/FAI_29/Co (FA_1956)                                0.00       3.00 f
  SUM0/FAI_30/Ci (FA_1955)                                0.00       3.00 f
  SUM0/FAI_30/U3/ZN (AOI22_X1)                            0.06       3.06 r
  SUM0/FAI_30/U2/ZN (INV_X1)                              0.03       3.09 f
  SUM0/FAI_30/Co (FA_1955)                                0.00       3.09 f
  SUM0/FAI_31/Ci (FA_1954)                                0.00       3.09 f
  SUM0/FAI_31/U3/ZN (AOI22_X1)                            0.06       3.15 r
  SUM0/FAI_31/U2/ZN (INV_X1)                              0.03       3.18 f
  SUM0/FAI_31/Co (FA_1954)                                0.00       3.18 f
  SUM0/FAI_32/Ci (FA_1953)                                0.00       3.18 f
  SUM0/FAI_32/U3/ZN (AOI22_X1)                            0.06       3.24 r
  SUM0/FAI_32/U2/ZN (INV_X1)                              0.03       3.27 f
  SUM0/FAI_32/Co (FA_1953)                                0.00       3.27 f
  SUM0/FAI_33/Ci (FA_1952)                                0.00       3.27 f
  SUM0/FAI_33/U3/ZN (AOI22_X1)                            0.06       3.33 r
  SUM0/FAI_33/U2/ZN (INV_X1)                              0.03       3.36 f
  SUM0/FAI_33/Co (FA_1952)                                0.00       3.36 f
  SUM0/FAI_34/Ci (FA_1951)                                0.00       3.36 f
  SUM0/FAI_34/U3/ZN (AOI22_X1)                            0.06       3.42 r
  SUM0/FAI_34/U2/ZN (INV_X1)                              0.03       3.45 f
  SUM0/FAI_34/Co (FA_1951)                                0.00       3.45 f
  SUM0/FAI_35/Ci (FA_1950)                                0.00       3.45 f
  SUM0/FAI_35/U3/ZN (AOI22_X1)                            0.06       3.51 r
  SUM0/FAI_35/U2/ZN (INV_X1)                              0.03       3.54 f
  SUM0/FAI_35/Co (FA_1950)                                0.00       3.54 f
  SUM0/FAI_36/Ci (FA_1949)                                0.00       3.54 f
  SUM0/FAI_36/U3/ZN (AOI22_X1)                            0.06       3.60 r
  SUM0/FAI_36/U2/ZN (INV_X1)                              0.03       3.62 f
  SUM0/FAI_36/Co (FA_1949)                                0.00       3.62 f
  SUM0/FAI_37/Ci (FA_1948)                                0.00       3.62 f
  SUM0/FAI_37/U3/ZN (AOI22_X1)                            0.06       3.69 r
  SUM0/FAI_37/U2/ZN (INV_X1)                              0.03       3.71 f
  SUM0/FAI_37/Co (FA_1948)                                0.00       3.71 f
  SUM0/FAI_38/Ci (FA_1947)                                0.00       3.71 f
  SUM0/FAI_38/U3/ZN (AOI22_X1)                            0.06       3.77 r
  SUM0/FAI_38/U2/ZN (INV_X1)                              0.03       3.80 f
  SUM0/FAI_38/Co (FA_1947)                                0.00       3.80 f
  SUM0/FAI_39/Ci (FA_1946)                                0.00       3.80 f
  SUM0/FAI_39/U3/ZN (AOI22_X1)                            0.06       3.86 r
  SUM0/FAI_39/U2/ZN (INV_X1)                              0.03       3.89 f
  SUM0/FAI_39/Co (FA_1946)                                0.00       3.89 f
  SUM0/FAI_40/Ci (FA_1945)                                0.00       3.89 f
  SUM0/FAI_40/U3/ZN (AOI22_X1)                            0.06       3.95 r
  SUM0/FAI_40/U2/ZN (INV_X1)                              0.03       3.98 f
  SUM0/FAI_40/Co (FA_1945)                                0.00       3.98 f
  SUM0/FAI_41/Ci (FA_1944)                                0.00       3.98 f
  SUM0/FAI_41/U3/ZN (AOI22_X1)                            0.06       4.04 r
  SUM0/FAI_41/U2/ZN (INV_X1)                              0.03       4.07 f
  SUM0/FAI_41/Co (FA_1944)                                0.00       4.07 f
  SUM0/FAI_42/Ci (FA_1943)                                0.00       4.07 f
  SUM0/FAI_42/U3/ZN (AOI22_X1)                            0.06       4.13 r
  SUM0/FAI_42/U2/ZN (INV_X1)                              0.03       4.16 f
  SUM0/FAI_42/Co (FA_1943)                                0.00       4.16 f
  SUM0/FAI_43/Ci (FA_1942)                                0.00       4.16 f
  SUM0/FAI_43/U3/ZN (AOI22_X1)                            0.06       4.22 r
  SUM0/FAI_43/U2/ZN (INV_X1)                              0.03       4.25 f
  SUM0/FAI_43/Co (FA_1942)                                0.00       4.25 f
  SUM0/FAI_44/Ci (FA_1941)                                0.00       4.25 f
  SUM0/FAI_44/U3/ZN (AOI22_X1)                            0.06       4.31 r
  SUM0/FAI_44/U2/ZN (INV_X1)                              0.03       4.34 f
  SUM0/FAI_44/Co (FA_1941)                                0.00       4.34 f
  SUM0/FAI_45/Ci (FA_1940)                                0.00       4.34 f
  SUM0/FAI_45/U3/ZN (AOI22_X1)                            0.06       4.40 r
  SUM0/FAI_45/U2/ZN (INV_X1)                              0.03       4.42 f
  SUM0/FAI_45/Co (FA_1940)                                0.00       4.42 f
  SUM0/FAI_46/Ci (FA_1939)                                0.00       4.42 f
  SUM0/FAI_46/U3/ZN (AOI22_X1)                            0.06       4.49 r
  SUM0/FAI_46/U2/ZN (INV_X1)                              0.03       4.51 f
  SUM0/FAI_46/Co (FA_1939)                                0.00       4.51 f
  SUM0/FAI_47/Ci (FA_1938)                                0.00       4.51 f
  SUM0/FAI_47/U3/ZN (AOI22_X1)                            0.06       4.57 r
  SUM0/FAI_47/U2/ZN (INV_X1)                              0.03       4.60 f
  SUM0/FAI_47/Co (FA_1938)                                0.00       4.60 f
  SUM0/FAI_48/Ci (FA_1937)                                0.00       4.60 f
  SUM0/FAI_48/U3/ZN (AOI22_X1)                            0.06       4.66 r
  SUM0/FAI_48/U2/ZN (INV_X1)                              0.03       4.69 f
  SUM0/FAI_48/Co (FA_1937)                                0.00       4.69 f
  SUM0/FAI_49/Ci (FA_1936)                                0.00       4.69 f
  SUM0/FAI_49/U3/ZN (AOI22_X1)                            0.06       4.75 r
  SUM0/FAI_49/U2/ZN (INV_X1)                              0.03       4.78 f
  SUM0/FAI_49/Co (FA_1936)                                0.00       4.78 f
  SUM0/FAI_50/Ci (FA_1935)                                0.00       4.78 f
  SUM0/FAI_50/U3/ZN (AOI22_X1)                            0.06       4.84 r
  SUM0/FAI_50/U2/ZN (INV_X1)                              0.03       4.87 f
  SUM0/FAI_50/Co (FA_1935)                                0.00       4.87 f
  SUM0/FAI_51/Ci (FA_1934)                                0.00       4.87 f
  SUM0/FAI_51/U3/ZN (AOI22_X1)                            0.06       4.93 r
  SUM0/FAI_51/U2/ZN (INV_X1)                              0.03       4.96 f
  SUM0/FAI_51/Co (FA_1934)                                0.00       4.96 f
  SUM0/FAI_52/Ci (FA_1933)                                0.00       4.96 f
  SUM0/FAI_52/U3/ZN (AOI22_X1)                            0.06       5.02 r
  SUM0/FAI_52/U2/ZN (INV_X1)                              0.03       5.05 f
  SUM0/FAI_52/Co (FA_1933)                                0.00       5.05 f
  SUM0/FAI_53/Ci (FA_1932)                                0.00       5.05 f
  SUM0/FAI_53/U3/ZN (AOI22_X1)                            0.06       5.11 r
  SUM0/FAI_53/U2/ZN (INV_X1)                              0.03       5.14 f
  SUM0/FAI_53/Co (FA_1932)                                0.00       5.14 f
  SUM0/FAI_54/Ci (FA_1931)                                0.00       5.14 f
  SUM0/FAI_54/U3/ZN (AOI22_X1)                            0.06       5.20 r
  SUM0/FAI_54/U2/ZN (INV_X1)                              0.03       5.22 f
  SUM0/FAI_54/Co (FA_1931)                                0.00       5.22 f
  SUM0/FAI_55/Ci (FA_1930)                                0.00       5.22 f
  SUM0/FAI_55/U3/ZN (AOI22_X1)                            0.06       5.29 r
  SUM0/FAI_55/U2/ZN (INV_X1)                              0.03       5.31 f
  SUM0/FAI_55/Co (FA_1930)                                0.00       5.31 f
  SUM0/FAI_56/Ci (FA_1929)                                0.00       5.31 f
  SUM0/FAI_56/U3/ZN (AOI22_X1)                            0.06       5.37 r
  SUM0/FAI_56/U2/ZN (INV_X1)                              0.03       5.40 f
  SUM0/FAI_56/Co (FA_1929)                                0.00       5.40 f
  SUM0/FAI_57/Ci (FA_1928)                                0.00       5.40 f
  SUM0/FAI_57/U3/ZN (AOI22_X1)                            0.06       5.46 r
  SUM0/FAI_57/U2/ZN (INV_X1)                              0.03       5.49 f
  SUM0/FAI_57/Co (FA_1928)                                0.00       5.49 f
  SUM0/FAI_58/Ci (FA_1927)                                0.00       5.49 f
  SUM0/FAI_58/U3/ZN (AOI22_X1)                            0.06       5.55 r
  SUM0/FAI_58/U2/ZN (INV_X1)                              0.03       5.58 f
  SUM0/FAI_58/Co (FA_1927)                                0.00       5.58 f
  SUM0/FAI_59/Ci (FA_1926)                                0.00       5.58 f
  SUM0/FAI_59/U3/ZN (AOI22_X1)                            0.06       5.64 r
  SUM0/FAI_59/U2/ZN (INV_X1)                              0.03       5.67 f
  SUM0/FAI_59/Co (FA_1926)                                0.00       5.67 f
  SUM0/FAI_60/Ci (FA_1925)                                0.00       5.67 f
  SUM0/FAI_60/U3/ZN (AOI22_X1)                            0.06       5.73 r
  SUM0/FAI_60/U2/ZN (INV_X1)                              0.03       5.76 f
  SUM0/FAI_60/Co (FA_1925)                                0.00       5.76 f
  SUM0/FAI_61/Ci (FA_1924)                                0.00       5.76 f
  SUM0/FAI_61/U3/ZN (AOI22_X1)                            0.06       5.82 r
  SUM0/FAI_61/U2/ZN (INV_X1)                              0.03       5.85 f
  SUM0/FAI_61/Co (FA_1924)                                0.00       5.85 f
  SUM0/FAI_62/Ci (FA_1923)                                0.00       5.85 f
  SUM0/FAI_62/U3/ZN (AOI22_X1)                            0.06       5.91 r
  SUM0/FAI_62/U2/ZN (INV_X1)                              0.03       5.94 f
  SUM0/FAI_62/Co (FA_1923)                                0.00       5.94 f
  SUM0/FAI_63/Ci (FA_1922)                                0.00       5.94 f
  SUM0/FAI_63/U3/ZN (AOI22_X1)                            0.06       6.00 r
  SUM0/FAI_63/U2/ZN (INV_X1)                              0.03       6.02 f
  SUM0/FAI_63/Co (FA_1922)                                0.00       6.02 f
  SUM0/FAI_64/Ci (FA_1921)                                0.00       6.02 f
  SUM0/FAI_64/U1/Z (XOR2_X1)                              0.06       6.09 r
  SUM0/FAI_64/S (FA_1921)                                 0.00       6.09 r
  SUM0/S[63] (RCA_NbitRca64_31)                           0.00       6.09 r
  SUMI_1/B[63] (RCA_NbitRca64_30)                         0.00       6.09 r
  SUMI_1/FAI_64/B (FA_1857)                               0.00       6.09 r
  SUMI_1/FAI_64/U4/Z (XOR2_X1)                            0.09       6.17 r
  SUMI_1/FAI_64/U1/Z (XOR2_X1)                            0.09       6.26 r
  SUMI_1/FAI_64/S (FA_1857)                               0.00       6.26 r
  SUMI_1/S[63] (RCA_NbitRca64_30)                         0.00       6.26 r
  SUMI_2/B[63] (RCA_NbitRca64_29)                         0.00       6.26 r
  SUMI_2/FAI_64/B (FA_1793)                               0.00       6.26 r
  SUMI_2/FAI_64/U4/Z (XOR2_X1)                            0.09       6.34 r
  SUMI_2/FAI_64/U1/Z (XOR2_X1)                            0.09       6.43 r
  SUMI_2/FAI_64/S (FA_1793)                               0.00       6.43 r
  SUMI_2/S[63] (RCA_NbitRca64_29)                         0.00       6.43 r
  SUMI_3/B[63] (RCA_NbitRca64_28)                         0.00       6.43 r
  SUMI_3/FAI_64/B (FA_1729)                               0.00       6.43 r
  SUMI_3/FAI_64/U4/Z (XOR2_X1)                            0.09       6.51 r
  SUMI_3/FAI_64/U1/Z (XOR2_X1)                            0.09       6.60 r
  SUMI_3/FAI_64/S (FA_1729)                               0.00       6.60 r
  SUMI_3/S[63] (RCA_NbitRca64_28)                         0.00       6.60 r
  SUMI_4/B[63] (RCA_NbitRca64_27)                         0.00       6.60 r
  SUMI_4/FAI_64/B (FA_1665)                               0.00       6.60 r
  SUMI_4/FAI_64/U4/Z (XOR2_X1)                            0.09       6.68 r
  SUMI_4/FAI_64/U1/Z (XOR2_X1)                            0.09       6.77 r
  SUMI_4/FAI_64/S (FA_1665)                               0.00       6.77 r
  SUMI_4/S[63] (RCA_NbitRca64_27)                         0.00       6.77 r
  SUMI_5/B[63] (RCA_NbitRca64_26)                         0.00       6.77 r
  SUMI_5/FAI_64/B (FA_1601)                               0.00       6.77 r
  SUMI_5/FAI_64/U4/Z (XOR2_X1)                            0.09       6.86 r
  SUMI_5/FAI_64/U1/Z (XOR2_X1)                            0.09       6.94 r
  SUMI_5/FAI_64/S (FA_1601)                               0.00       6.94 r
  SUMI_5/S[63] (RCA_NbitRca64_26)                         0.00       6.94 r
  SUMI_6/B[63] (RCA_NbitRca64_25)                         0.00       6.94 r
  SUMI_6/FAI_64/B (FA_1537)                               0.00       6.94 r
  SUMI_6/FAI_64/U4/Z (XOR2_X1)                            0.09       7.03 r
  SUMI_6/FAI_64/U1/Z (XOR2_X1)                            0.09       7.11 r
  SUMI_6/FAI_64/S (FA_1537)                               0.00       7.11 r
  SUMI_6/S[63] (RCA_NbitRca64_25)                         0.00       7.11 r
  SUMI_7/B[63] (RCA_NbitRca64_24)                         0.00       7.11 r
  SUMI_7/FAI_64/B (FA_1473)                               0.00       7.11 r
  SUMI_7/FAI_64/U4/Z (XOR2_X1)                            0.09       7.20 r
  SUMI_7/FAI_64/U1/Z (XOR2_X1)                            0.09       7.28 r
  SUMI_7/FAI_64/S (FA_1473)                               0.00       7.28 r
  SUMI_7/S[63] (RCA_NbitRca64_24)                         0.00       7.28 r
  SUMI_8/B[63] (RCA_NbitRca64_23)                         0.00       7.28 r
  SUMI_8/FAI_64/B (FA_1409)                               0.00       7.28 r
  SUMI_8/FAI_64/U4/Z (XOR2_X1)                            0.09       7.37 r
  SUMI_8/FAI_64/U1/Z (XOR2_X1)                            0.09       7.45 r
  SUMI_8/FAI_64/S (FA_1409)                               0.00       7.45 r
  SUMI_8/S[63] (RCA_NbitRca64_23)                         0.00       7.45 r
  SUMI_9/B[63] (RCA_NbitRca64_22)                         0.00       7.45 r
  SUMI_9/FAI_64/B (FA_1345)                               0.00       7.45 r
  SUMI_9/FAI_64/U4/Z (XOR2_X1)                            0.09       7.54 r
  SUMI_9/FAI_64/U1/Z (XOR2_X1)                            0.09       7.63 r
  SUMI_9/FAI_64/S (FA_1345)                               0.00       7.63 r
  SUMI_9/S[63] (RCA_NbitRca64_22)                         0.00       7.63 r
  SUMI_10/B[63] (RCA_NbitRca64_21)                        0.00       7.63 r
  SUMI_10/FAI_64/B (FA_1281)                              0.00       7.63 r
  SUMI_10/FAI_64/U4/Z (XOR2_X1)                           0.09       7.71 r
  SUMI_10/FAI_64/U1/Z (XOR2_X1)                           0.09       7.80 r
  SUMI_10/FAI_64/S (FA_1281)                              0.00       7.80 r
  SUMI_10/S[63] (RCA_NbitRca64_21)                        0.00       7.80 r
  SUMI_11/B[63] (RCA_NbitRca64_20)                        0.00       7.80 r
  SUMI_11/FAI_64/B (FA_1217)                              0.00       7.80 r
  SUMI_11/FAI_64/U4/Z (XOR2_X1)                           0.09       7.88 r
  SUMI_11/FAI_64/U1/Z (XOR2_X1)                           0.09       7.97 r
  SUMI_11/FAI_64/S (FA_1217)                              0.00       7.97 r
  SUMI_11/S[63] (RCA_NbitRca64_20)                        0.00       7.97 r
  SUMI_12/B[63] (RCA_NbitRca64_19)                        0.00       7.97 r
  SUMI_12/FAI_64/B (FA_1153)                              0.00       7.97 r
  SUMI_12/FAI_64/U4/Z (XOR2_X1)                           0.09       8.05 r
  SUMI_12/FAI_64/U1/Z (XOR2_X1)                           0.09       8.14 r
  SUMI_12/FAI_64/S (FA_1153)                              0.00       8.14 r
  SUMI_12/S[63] (RCA_NbitRca64_19)                        0.00       8.14 r
  SUMI_13/B[63] (RCA_NbitRca64_18)                        0.00       8.14 r
  SUMI_13/FAI_64/B (FA_1089)                              0.00       8.14 r
  SUMI_13/FAI_64/U4/Z (XOR2_X1)                           0.09       8.22 r
  SUMI_13/FAI_64/U1/Z (XOR2_X1)                           0.09       8.31 r
  SUMI_13/FAI_64/S (FA_1089)                              0.00       8.31 r
  SUMI_13/S[63] (RCA_NbitRca64_18)                        0.00       8.31 r
  SUMI_14/B[63] (RCA_NbitRca64_17)                        0.00       8.31 r
  SUMI_14/FAI_64/B (FA_1025)                              0.00       8.31 r
  SUMI_14/FAI_64/U4/Z (XOR2_X1)                           0.09       8.40 r
  SUMI_14/FAI_64/U1/Z (XOR2_X1)                           0.06       8.46 r
  SUMI_14/FAI_64/S (FA_1025)                              0.00       8.46 r
  SUMI_14/S[63] (RCA_NbitRca64_17)                        0.00       8.46 r
  P[63] (out)                                             0.00       8.46 r
  data arrival time                                                  8.46
  --------------------------------------------------------------------------
  (Path is unconstrained)


1
