
Cadence Innovus(TM) Implementation System.
Copyright 2020 Cadence Design Systems, Inc. All rights reserved worldwide.

Version:	v20.11-s130_1, built Wed Aug 5 15:53:11 PDT 2020
Options:	
Date:		Thu Jun  1 12:54:18 2023
Host:		localhost.localdomain (x86_64 w/Linux 3.10.0-957.5.1.el7.x86_64) (1core*12cpus*Intel Core i7 9xx (Nehalem Class Core i7) 4096KB)
OS:		CentOS Linux release 7.6.1810 (Core) 

License:
		invs	Innovus Implementation System	20.1	checkout succeeded
		8 CPU jobs allowed with the current license(s). Use setMultiCpuUsage to set your required CPU count.
Change the soft stacksize limit to 0.2%RAM (128 mbytes). Set global soft_stack_size_limit to change the value.

**INFO:  MMMC transition support version v31-84 

<CMD> set_global _enable_mmmc_by_default_flow      $CTE::mmmc_default
<CMD> suppressMessage ENCEXT-2799
<CMD> win
<CMD> set defHierChar /
Set Default Input Pin Transition as 0.1 ps.
<CMD> set delaycal_input_transition_delay 0.1ps
<CMD> set fpIsMaxIoHeight 0
<CMD> set init_gnd_net gnd
<CMD> set init_mmmc_file Default.view
<CMD> set init_oa_search_lib {}
<CMD> set init_pwr_net vdd
<CMD> set init_verilog sum.v
<CMD> set init_lef_file /eda/dk/nangate45/lef/NangateOpenCellLibrary.lef
<CMD> init_design
#% Begin Load MMMC data ... (date=06/01 12:57:42, mem=626.8M)
#% End Load MMMC data ... (date=06/01 12:57:42, total cpu=0:00:00.1, real=0:00:00.0, peak res=627.0M, current mem=627.0M)
high standard low

Loading LEF file /eda/dk/nangate45/lef/NangateOpenCellLibrary.lef ...
Set DBUPerIGU to M2 pitch 380.

viaInitial starts at Thu Jun  1 12:57:42 2023
viaInitial ends at Thu Jun  1 12:57:42 2023

##  Check design process and node:  
##  Both design process and tech node are not set.

Loading view definition file from Default.view
Reading libsTYP timing library '/eda/dk/nangate45/liberty/NangateOpenCellLibrary_typical_ecsm_nowlm.lib' ...
**ERROR: (TECHLIB-1346):	The attribute 'index_1' defined in group 'ecsm_waveform' on line 393863 is not monotonically increasing for values '0.000041' to '0.000037'. This may lead to undesirable analysis results. The attribute will be ignored. (File /eda/dk/nangate45/liberty/NangateOpenCellLibrary_typical_ecsm_nowlm.lib)
**ERROR: (TECHLIB-1256):	The ecsm_waveform group 1 is being ignored due to errors in this group. This group will be excluded for any further library checks. Refer to the previous messages issued for ecsm_waveform group 1 to find the details of the issues in this group. (File /eda/dk/nangate45/liberty/NangateOpenCellLibrary_typical_ecsm_nowlm.lib, Line 393862)
**ERROR: (TECHLIB-420):	Number of ecsm_waveforms in the 'rise_transition' table on pin ZN of cell OAI222_X2 does not match the number of transition table axis points specified in the template 'Timing_7_7'. Ignoring waveform data. (File /eda/dk/nangate45/liberty/NangateOpenCellLibrary_typical_ecsm_nowlm.lib, Line 393848)
**ERROR: (TECHLIB-1346):	The attribute 'index_1' defined in group 'ecsm_waveform' on line 395723 is not monotonically increasing for values '0.000041' to '0.000037'. This may lead to undesirable analysis results. The attribute will be ignored. (File /eda/dk/nangate45/liberty/NangateOpenCellLibrary_typical_ecsm_nowlm.lib)
**ERROR: (TECHLIB-1256):	The ecsm_waveform group 1 is being ignored due to errors in this group. This group will be excluded for any further library checks. Refer to the previous messages issued for ecsm_waveform group 1 to find the details of the issues in this group. (File /eda/dk/nangate45/liberty/NangateOpenCellLibrary_typical_ecsm_nowlm.lib, Line 395722)
**ERROR: (TECHLIB-420):	Number of ecsm_waveforms in the 'rise_transition' table on pin ZN of cell OAI222_X2 does not match the number of transition table axis points specified in the template 'Timing_7_7'. Ignoring waveform data. (File /eda/dk/nangate45/liberty/NangateOpenCellLibrary_typical_ecsm_nowlm.lib, Line 395708)
Read 134 cells in library 'NangateOpenCellLibrary' 
*** End library_loading (cpu=0.05min, real=0.05min, mem=12.0M, fe_cpu=1.34min, fe_real=3.45min, fe_mem=832.1M) ***
#% Begin Load netlist data ... (date=06/01 12:57:45, mem=641.2M)
*** Begin netlist parsing (mem=832.1M) ***
Created 134 new cells from 1 timing libraries.
Reading netlist ...
Backslashed names will retain backslash and a trailing blank character.
Reading verilog netlist 'sum.v'

*** Memory Usage v#2 (Current mem = 832.090M, initial mem = 272.285M) ***
*** End netlist parsing (cpu=0:00:00.0, real=0:00:00.0, mem=832.1M) ***
#% End Load netlist data ... (date=06/01 12:57:45, total cpu=0:00:00.1, real=0:00:00.0, peak res=646.1M, current mem=646.1M)
Top level cell is SUM.
Hooked 134 DB cells to tlib cells.
Starting recursive module instantiation check.
No recursion found.
Building hierarchical netlist for Cell SUM ...
*** Netlist is unique.
** info: there are 264 modules.
** info: there are 1109 stdCell insts.

*** Memory Usage v#2 (Current mem = 875.516M, initial mem = 272.285M) ***
Generated pitch 1.68 in metal10 is different from 1.6 defined in technology file in preferred direction.
Generated pitch 0.84 in metal8 is different from 0.8 defined in technology file in preferred direction.
Generated pitch 0.84 in metal7 is different from 0.8 defined in technology file in preferred direction.
Set Default Net Delay as 1000 ps.
Set Default Net Load as 0.5 pF. 
Set Default Input Pin Transition as 0.1 ps.
Extraction setup Started 
Initializing multi-corner RC extraction with 1 active RC Corners ...
Reading Capacitance Table File /eda/dk/nangate45/lef/captables/NCSU_FreePDK_45nm.capTbl ...
Cap table was created using Encounter 08.10-p004_1.
Process name: master_techFreePDK45.
Importing multi-corner RC tables ... 
Summary of Active RC-Corners : 
 
 Analysis View: default
    RC-Corner Name        : standard
    RC-Corner Index       : 0
    RC-Corner Temperature : 300 Celsius
    RC-Corner Cap Table   : '/eda/dk/nangate45/lef/captables/NCSU_FreePDK_45nm.capTbl'
    RC-Corner PreRoute Res Factor         : 1
    RC-Corner PreRoute Cap Factor         : 1
    RC-Corner PostRoute Res Factor        : 1 {1 1 1}
    RC-Corner PostRoute Cap Factor        : 1 {1 1 1}
    RC-Corner PostRoute XCap Factor       : 1 {1 1 1}
    RC-Corner PreRoute Clock Res Factor   : 1	[Derived from postRoute_res (effortLevel low)]
    RC-Corner PreRoute Clock Cap Factor   : 1	[Derived from postRoute_cap (effortLevel low)]
    RC-Corner PostRoute Clock Cap Factor  : 1 {1 1 1} 	[Derived from postRoute_cap (effortLevel low)]
    RC-Corner PostRoute Clock Res Factor  : 1 {1 1 1} 	[Derived from postRoute_res (effortLevel low)]
Updating RC grid for preRoute extraction ...
Initializing multi-corner capacitance tables ... 
Initializing multi-corner resistance tables ...
*Info: initialize multi-corner CTS.
Reading timing constraints file 'SUM.sdc' ...
Current (total cpu=0:01:22, real=0:03:29, peak res=876.4M, current mem=876.1M)
INFO (CTE): Constraints read successfully.
Ending "Constraint file reading stats" (total cpu=0:00:00.2, real=0:00:00.0, peak res=908.4M, current mem=908.4M)
Current (total cpu=0:01:22, real=0:03:30, peak res=908.4M, current mem=908.4M)
Total number of combinational cells: 99
Total number of sequential cells: 29
Total number of tristate cells: 6
Total number of level shifter cells: 0
Total number of power gating cells: 0
Total number of isolation cells: 0
Total number of power switch cells: 0
Total number of pulse generator cells: 0
Total number of always on buffers: 0
Total number of retention cells: 0
List of usable buffers: BUF_X1 BUF_X2 BUF_X4 BUF_X8 BUF_X16 BUF_X32 CLKBUF_X1 CLKBUF_X2 CLKBUF_X3
Total number of usable buffers: 9
List of unusable buffers:
Total number of unusable buffers: 0
List of usable inverters: INV_X1 INV_X2 INV_X4 INV_X8 INV_X16 INV_X32
Total number of usable inverters: 6
List of unusable inverters:
Total number of unusable inverters: 0
List of identified usable delay cells:
Total number of identified usable delay cells: 0
List of identified unusable delay cells:
Total number of identified unusable delay cells: 0
No delay cells were detected in the set of buffers. Buffers will be used to fix hold violations.

*** Summary of all messages that are not suppressed in this session:
Severity  ID               Count  Summary                                  
ERROR     TECHLIB-420          2  Number of ecsm_waveforms in the '%s' tab...
ERROR     TECHLIB-1256         2  The %s is being ignored due to errors in...
ERROR     TECHLIB-1346         2  The attribute '%s' defined in group '%s'...
*** Message Summary: 0 warning(s), 6 error(s)

<CMD> getIoFlowFlag
<CMD> setIoFlowFlag 0
<CMD> floorPlan -coreMarginsBy die -site FreePDK45_38x28_10R_NP_162NW_34O -r 1.0 0.6 5.0 5.0 5.0 5.0
Generated pitch 1.68 in metal10 is different from 1.6 defined in technology file in preferred direction.
Generated pitch 0.84 in metal8 is different from 0.8 defined in technology file in preferred direction.
Generated pitch 0.84 in metal7 is different from 0.8 defined in technology file in preferred direction.
**WARN: (IMPFP-325):	Floorplan of the design is resized. All current floorplan objects are automatically derived based on specified new floorplan. This may change blocks, fixed standard cells, existing routes and blockages.
<CMD> uiSetTool select
<CMD> getIoFlowFlag
<CMD> fit
